2021-03-27 15:10:13,101:INFO:PyCaret Supervised Module
2021-03-27 15:10:13,101:INFO:ML Usecase: regression
2021-03-27 15:10:13,102:INFO:version 2.3.0
2021-03-27 15:10:13,102:INFO:Initializing setup()
2021-03-27 15:10:13,103:INFO:setup(target=charges, ml_usecase=regression, available_plots={'parameter': 'Hyperparameters', 'residuals': 'Residuals', 'error': 'Prediction Error', 'cooks': 'Cooks Distance', 'rfe': 'Feature Selection', 'learning': 'Learning Curve', 'manifold': 'Manifold Learning', 'vc': 'Validation Curve', 'feature': 'Feature Importance', 'feature_all': 'Feature Importance (All)', 'tree': 'Decision Tree', 'residuals_interactive': 'Interactive Residuals'}, train_size=0.7, test_data=None, preprocess=True, imputation_type=simple, iterative_imputation_iters=5, categorical_features=None, categorical_imputation=constant, categorical_iterative_imputer=lightgbm, ordinal_features=None, high_cardinality_features=None, high_cardinality_method=frequency, numeric_features=None, numeric_imputation=mean, numeric_iterative_imputer=lightgbm, date_features=None, ignore_features=None, normalize=False, normalize_method=zscore, transformation=False, transformation_method=yeo-johnson, handle_unknown_categorical=True, unknown_categorical_method=least_frequent, pca=False, pca_method=linear, pca_components=None, ignore_low_variance=False, combine_rare_levels=False, rare_level_threshold=0.1, bin_numeric_features=None, remove_outliers=False, outliers_threshold=0.05, remove_multicollinearity=False, multicollinearity_threshold=0.9, remove_perfect_collinearity=True, create_clusters=False, cluster_iter=20, polynomial_features=False, polynomial_degree=2, trigonometry_features=False, polynomial_threshold=0.1, group_features=None, group_names=None, feature_selection=False, feature_selection_threshold=0.8, feature_selection_method=classic, feature_interaction=False, feature_ratio=False, interaction_threshold=0.01, fix_imbalance=False, fix_imbalance_method=None, transform_target=False, transform_target_method=box-cox, data_split_shuffle=True, data_split_stratify=False, fold_strategy=kfold, fold=10, fold_shuffle=False, fold_groups=None, n_jobs=-1, use_gpu=False, custom_pipeline=None, html=True, session_id=123, log_experiment=False, experiment_name=None, log_plots=False, log_profile=False, log_data=False, silent=False, verbose=True, profile=False, profile_kwargs=None, display=None)
2021-03-27 15:10:13,103:INFO:Checking environment
2021-03-27 15:10:13,104:INFO:python_version: 3.8.5
2021-03-27 15:10:13,104:INFO:python_build: ('default', 'Sep  3 2020 21:29:08')
2021-03-27 15:10:13,105:INFO:machine: AMD64
2021-03-27 15:10:13,106:INFO:platform: Windows-10-10.0.19041-SP0
2021-03-27 15:10:13,106:INFO:Memory: svmem(total=4207845376, available=559341568, percent=86.7, used=3648503808, free=559341568)
2021-03-27 15:10:13,109:INFO:Physical Core: 2
2021-03-27 15:10:13,109:INFO:Logical Core: 4
2021-03-27 15:10:13,109:INFO:Checking libraries
2021-03-27 15:10:13,112:INFO:pd==1.1.3
2021-03-27 15:10:13,113:INFO:numpy==1.19.5
2021-03-27 15:10:13,113:INFO:sklearn==0.23.2
2021-03-27 15:10:13,114:INFO:lightgbm==3.2.0
2021-03-27 15:10:13,116:WARNING:catboost not found
2021-03-27 15:10:13,118:WARNING:xgboost not found
2021-03-27 15:10:17,091:INFO:mlflow==1.15.0
2021-03-27 15:10:17,091:INFO:Checking Exceptions
2021-03-27 15:10:17,092:INFO:Declaring global variables
2021-03-27 15:10:17,092:INFO:USI: 1c4a
2021-03-27 15:10:17,092:INFO:pycaret_globals: {'seed', 'display_container', 'fold_shuffle_param', 'html_param', '_ml_usecase', '_gpu_n_jobs_param', 'X_test', '_all_models', 'target_param', 'experiment__', 'transform_target_method_param', 'gpu_param', '_available_plots', 'prep_pipe', 'n_jobs_param', '_all_metrics', 'iterative_imputation_iters_param', 'fold_param', 'create_model_container', 'X_train', 'y', '_internal_pipeline', 'fix_imbalance_param', 'stratify_param', 'transform_target_param', 'master_model_container', 'fold_generator', 'y_test', 'log_plots_param', 'X', 'exp_name_log', '_all_models_internal', 'imputation_regressor', 'USI', 'y_train', 'fold_groups_param', 'logging_param', 'pycaret_globals', 'data_before_preprocess', 'fix_imbalance_method_param', 'imputation_classifier'}
2021-03-27 15:10:17,092:INFO:Preparing display monitor
2021-03-27 15:10:17,093:INFO:Preparing display monitor
2021-03-27 15:10:17,677:INFO:Importing libraries
2021-03-27 15:10:17,678:INFO:Copying data for preprocessing
2021-03-27 15:10:17,754:INFO:Declaring preprocessing parameters
2021-03-27 15:10:18,163:INFO:Creating preprocessing pipeline
2021-03-27 15:10:18,470:INFO:Preprocessing pipeline created successfully
2021-03-27 15:10:18,471:ERROR:(Process Exit): setup has been interupted with user command 'quit'. setup must rerun.
2021-03-27 15:10:18,471:INFO:Creating global containers
2021-03-27 15:10:18,489:INFO:Internal pipeline: Pipeline(memory=None, steps=[('empty_step', 'passthrough')], verbose=False)
2021-03-27 15:11:37,673:WARNING:Couldn't import xgboost.XGBRegressor
2021-03-27 15:11:37,674:WARNING:Couldn't import catboost.CatBoostRegressor
2021-03-27 15:11:37,884:WARNING:Couldn't import xgboost.XGBRegressor
2021-03-27 15:11:37,886:WARNING:Couldn't import catboost.CatBoostRegressor
2021-03-27 15:11:37,886:INFO:Creating grid variables
2021-03-27 15:11:38,029:INFO:create_model_container: 0
2021-03-27 15:11:38,029:INFO:master_model_container: 0
2021-03-27 15:11:38,030:INFO:display_container: 1
2021-03-27 15:11:38,041:INFO:Pipeline(memory=None,
         steps=[('dtypes',
                 DataTypes_Auto_infer(categorical_features=[],
                                      display_types=True, features_todrop=[],
                                      id_columns=[], ml_usecase='regression',
                                      numerical_features=[], target='charges',
                                      time_features=[])),
                ('imputer',
                 Simple_Imputer(categorical_strategy='not_available',
                                fill_value_categorical=None,
                                fill_value_numerical=None,
                                numeric_strategy...
                ('scaling', 'passthrough'), ('P_transform', 'passthrough'),
                ('binn', 'passthrough'), ('rem_outliers', 'passthrough'),
                ('cluster_all', 'passthrough'),
                ('dummy', Dummify(target='charges')),
                ('fix_perfect', Remove_100(target='charges')),
                ('clean_names', Clean_Colum_Names()),
                ('feature_select', 'passthrough'), ('fix_multi', 'passthrough'),
                ('dfs', 'passthrough'), ('pca', 'passthrough')],
         verbose=False)
2021-03-27 15:11:38,041:INFO:setup() succesfully completed......................................
2021-03-27 15:11:38,146:INFO:Initializing create_model()
2021-03-27 15:11:38,147:INFO:create_model(estimator=lr, fold=None, round=4, cross_validation=True, predict=True, fit_kwargs=None, groups=None, refit=True, verbose=True, system=True, metrics=None, display=None, kwargs={})
2021-03-27 15:11:38,147:INFO:Checking exceptions
2021-03-27 15:11:38,148:INFO:Preparing display monitor
2021-03-27 15:11:38,204:INFO:Importing libraries
2021-03-27 15:11:38,205:INFO:Copying training dataset
2021-03-27 15:11:38,207:INFO:Defining folds
2021-03-27 15:11:38,207:INFO:Declaring metric variables
2021-03-27 15:11:38,228:INFO:Importing untrained model
2021-03-27 15:11:38,251:INFO:Linear Regression Imported succesfully
2021-03-27 15:11:38,303:INFO:Starting cross validation
2021-03-27 15:11:38,379:INFO:Cross validating with KFold(n_splits=10, random_state=None, shuffle=False), n_jobs=-1
2021-03-27 15:12:40,802:INFO:Calculating mean and std
2021-03-27 15:12:40,804:INFO:Creating metrics dataframe
2021-03-27 15:12:40,827:INFO:Finalizing model
2021-03-27 15:12:41,542:INFO:Uploading results into container
2021-03-27 15:12:41,543:INFO:Uploading model into container now
2021-03-27 15:12:41,572:INFO:create_model_container: 1
2021-03-27 15:12:41,572:INFO:master_model_container: 1
2021-03-27 15:12:41,573:INFO:display_container: 2
2021-03-27 15:12:41,573:INFO:LinearRegression(copy_X=True, fit_intercept=True, n_jobs=-1, normalize=False)
2021-03-27 15:12:41,573:INFO:create_model() succesfully completed......................................
2021-03-27 15:12:55,882:INFO:Initializing plot_model()
2021-03-27 15:12:55,883:INFO:plot_model(plot=residuals, fold=None, use_train_data=False, verbose=True, is_in_evaluate=False, display=None, display_format=None, estimator=LinearRegression(copy_X=True, fit_intercept=True, n_jobs=-1, normalize=False), feature_name=None, fit_kwargs=None, groups=None, label=False, save=False, scale=1, system=True)
2021-03-27 15:12:55,883:INFO:Checking exceptions
2021-03-27 15:12:55,883:INFO:Preparing display monitor
2021-03-27 15:12:55,903:INFO:Preloading libraries
2021-03-27 15:12:55,906:INFO:Copying training dataset
2021-03-27 15:12:55,907:INFO:Copying test dataset
2021-03-27 15:12:55,908:INFO:Plot type: residuals
2021-03-27 15:13:06,102:INFO:Fitting Model
2021-03-27 15:13:06,671:INFO:Scoring test/hold-out set
2021-03-27 15:13:13,883:INFO:Visual Rendered Successfully
2021-03-27 15:13:14,006:INFO:plot_model() succesfully completed......................................
2021-03-27 15:13:37,814:INFO:PyCaret Supervised Module
2021-03-27 15:13:37,814:INFO:ML Usecase: regression
2021-03-27 15:13:37,815:INFO:version 2.3.0
2021-03-27 15:13:37,815:INFO:Initializing setup()
2021-03-27 15:13:37,815:INFO:setup(target=charges, ml_usecase=regression, available_plots={'parameter': 'Hyperparameters', 'residuals': 'Residuals', 'error': 'Prediction Error', 'cooks': 'Cooks Distance', 'rfe': 'Feature Selection', 'learning': 'Learning Curve', 'manifold': 'Manifold Learning', 'vc': 'Validation Curve', 'feature': 'Feature Importance', 'feature_all': 'Feature Importance (All)', 'tree': 'Decision Tree', 'residuals_interactive': 'Interactive Residuals'}, train_size=0.7, test_data=None, preprocess=True, imputation_type=simple, iterative_imputation_iters=5, categorical_features=None, categorical_imputation=constant, categorical_iterative_imputer=lightgbm, ordinal_features=None, high_cardinality_features=None, high_cardinality_method=frequency, numeric_features=None, numeric_imputation=mean, numeric_iterative_imputer=lightgbm, date_features=None, ignore_features=None, normalize=True, normalize_method=zscore, transformation=False, transformation_method=yeo-johnson, handle_unknown_categorical=True, unknown_categorical_method=least_frequent, pca=False, pca_method=linear, pca_components=None, ignore_low_variance=False, combine_rare_levels=False, rare_level_threshold=0.1, bin_numeric_features=['age', 'bmi'], remove_outliers=False, outliers_threshold=0.05, remove_multicollinearity=False, multicollinearity_threshold=0.9, remove_perfect_collinearity=True, create_clusters=False, cluster_iter=20, polynomial_features=True, polynomial_degree=2, trigonometry_features=True, polynomial_threshold=0.1, group_features=None, group_names=None, feature_selection=False, feature_selection_threshold=0.8, feature_selection_method=classic, feature_interaction=True, feature_ratio=False, interaction_threshold=0.01, fix_imbalance=False, fix_imbalance_method=None, transform_target=False, transform_target_method=box-cox, data_split_shuffle=True, data_split_stratify=False, fold_strategy=kfold, fold=10, fold_shuffle=False, fold_groups=None, n_jobs=-1, use_gpu=False, custom_pipeline=None, html=True, session_id=123, log_experiment=False, experiment_name=None, log_plots=False, log_profile=False, log_data=False, silent=False, verbose=True, profile=False, profile_kwargs=None, display=None)
2021-03-27 15:13:37,816:INFO:Checking environment
2021-03-27 15:13:37,816:INFO:python_version: 3.8.5
2021-03-27 15:13:37,816:INFO:python_build: ('default', 'Sep  3 2020 21:29:08')
2021-03-27 15:13:37,817:INFO:machine: AMD64
2021-03-27 15:13:37,817:INFO:platform: Windows-10-10.0.19041-SP0
2021-03-27 15:13:37,817:INFO:Memory: svmem(total=4207845376, available=350949376, percent=91.7, used=3856896000, free=350949376)
2021-03-27 15:13:37,817:INFO:Physical Core: 2
2021-03-27 15:13:37,817:INFO:Logical Core: 4
2021-03-27 15:13:37,817:INFO:Checking libraries
2021-03-27 15:13:37,818:INFO:pd==1.1.3
2021-03-27 15:13:37,818:INFO:numpy==1.19.5
2021-03-27 15:13:37,818:INFO:sklearn==0.23.2
2021-03-27 15:13:37,818:INFO:lightgbm==3.2.0
2021-03-27 15:13:37,820:WARNING:catboost not found
2021-03-27 15:13:37,821:WARNING:xgboost not found
2021-03-27 15:13:37,821:INFO:mlflow==1.15.0
2021-03-27 15:13:37,822:INFO:Checking Exceptions
2021-03-27 15:13:37,822:INFO:Declaring global variables
2021-03-27 15:13:37,822:INFO:USI: b5c0
2021-03-27 15:13:37,822:INFO:pycaret_globals: {'seed', 'display_container', 'fold_shuffle_param', 'html_param', '_ml_usecase', '_gpu_n_jobs_param', 'X_test', '_all_models', 'target_param', 'experiment__', 'transform_target_method_param', 'gpu_param', '_available_plots', 'prep_pipe', 'n_jobs_param', '_all_metrics', 'iterative_imputation_iters_param', 'fold_param', 'create_model_container', 'X_train', 'y', '_internal_pipeline', 'fix_imbalance_param', 'stratify_param', 'transform_target_param', 'master_model_container', 'fold_generator', 'y_test', 'log_plots_param', 'X', 'exp_name_log', '_all_models_internal', 'imputation_regressor', 'USI', 'y_train', 'fold_groups_param', 'logging_param', 'pycaret_globals', 'data_before_preprocess', 'fix_imbalance_method_param', 'imputation_classifier'}
2021-03-27 15:13:37,822:INFO:Preparing display monitor
2021-03-27 15:13:37,822:INFO:Preparing display monitor
2021-03-27 15:13:37,850:INFO:Importing libraries
2021-03-27 15:13:37,851:INFO:Copying data for preprocessing
2021-03-27 15:13:37,864:INFO:Declaring preprocessing parameters
2021-03-27 15:13:37,866:INFO:Creating preprocessing pipeline
2021-03-27 15:13:37,874:INFO:Preprocessing pipeline created successfully
2021-03-27 15:13:37,874:ERROR:(Process Exit): setup has been interupted with user command 'quit'. setup must rerun.
2021-03-27 15:13:37,874:INFO:Creating global containers
2021-03-27 15:13:37,875:INFO:Internal pipeline: Pipeline(memory=None, steps=[('empty_step', 'passthrough')], verbose=False)
2021-03-27 15:13:47,316:WARNING:Couldn't import xgboost.XGBRegressor
2021-03-27 15:13:47,317:WARNING:Couldn't import catboost.CatBoostRegressor
2021-03-27 15:13:47,546:WARNING:Couldn't import xgboost.XGBRegressor
2021-03-27 15:13:47,548:WARNING:Couldn't import catboost.CatBoostRegressor
2021-03-27 15:13:47,549:INFO:Creating grid variables
2021-03-27 15:13:47,586:INFO:create_model_container: 0
2021-03-27 15:13:47,587:INFO:master_model_container: 0
2021-03-27 15:13:47,587:INFO:display_container: 1
2021-03-27 15:13:47,600:INFO:Pipeline(memory=None,
         steps=[('dtypes',
                 DataTypes_Auto_infer(categorical_features=[],
                                      display_types=True, features_todrop=[],
                                      id_columns=[], ml_usecase='regression',
                                      numerical_features=[], target='charges',
                                      time_features=[])),
                ('imputer',
                 Simple_Imputer(categorical_strategy='not_available',
                                fill_value_categorical=None,
                                fill_value_numerical=None,
                                numeric_strategy...
                ('dummy', Dummify(target='charges')),
                ('fix_perfect', Remove_100(target='charges')),
                ('clean_names', Clean_Colum_Names()),
                ('feature_select', 'passthrough'), ('fix_multi', 'passthrough'),
                ('dfs',
                 DFS_Classic(interactions=['multiply'], ml_usecase='regression',
                             n_jobs=-1, random_state=123, subclass='binary',
                             target='charges',
                             top_features_to_pick_percentage=None)),
                ('pca', 'passthrough')],
         verbose=False)
2021-03-27 15:13:47,601:INFO:setup() succesfully completed......................................
2021-03-27 15:20:08,173:INFO:Initializing create_model()
2021-03-27 15:20:08,174:INFO:create_model(estimator=lr, fold=None, round=4, cross_validation=True, predict=True, fit_kwargs=None, groups=None, refit=True, verbose=True, system=True, metrics=None, display=None, kwargs={})
2021-03-27 15:20:08,174:INFO:Checking exceptions
2021-03-27 15:20:08,175:INFO:Preparing display monitor
2021-03-27 15:20:08,228:INFO:Importing libraries
2021-03-27 15:20:08,230:INFO:Copying training dataset
2021-03-27 15:20:08,233:INFO:Defining folds
2021-03-27 15:20:08,233:INFO:Declaring metric variables
2021-03-27 15:20:08,250:INFO:Importing untrained model
2021-03-27 15:20:08,272:INFO:Linear Regression Imported succesfully
2021-03-27 15:20:08,327:INFO:Starting cross validation
2021-03-27 15:20:08,329:INFO:Cross validating with KFold(n_splits=10, random_state=None, shuffle=False), n_jobs=-1
2021-03-27 15:20:48,374:INFO:Calculating mean and std
2021-03-27 15:20:48,376:INFO:Creating metrics dataframe
2021-03-27 15:20:48,408:INFO:Finalizing model
2021-03-27 15:20:48,510:INFO:Uploading results into container
2021-03-27 15:20:48,510:INFO:Uploading model into container now
2021-03-27 15:20:48,545:INFO:create_model_container: 1
2021-03-27 15:20:48,545:INFO:master_model_container: 1
2021-03-27 15:20:48,545:INFO:display_container: 2
2021-03-27 15:20:48,546:INFO:LinearRegression(copy_X=True, fit_intercept=True, n_jobs=-1, normalize=False)
2021-03-27 15:20:48,546:INFO:create_model() succesfully completed......................................
2021-03-27 15:21:17,130:INFO:Initializing plot_model()
2021-03-27 15:21:17,131:INFO:plot_model(plot=residuals, fold=None, use_train_data=False, verbose=True, is_in_evaluate=False, display=None, display_format=None, estimator=LinearRegression(copy_X=True, fit_intercept=True, n_jobs=-1, normalize=False), feature_name=None, fit_kwargs=None, groups=None, label=False, save=False, scale=1, system=True)
2021-03-27 15:21:17,131:INFO:Checking exceptions
2021-03-27 15:21:17,132:INFO:Preparing display monitor
2021-03-27 15:21:17,164:INFO:Preloading libraries
2021-03-27 15:21:17,168:INFO:Copying training dataset
2021-03-27 15:21:17,169:INFO:Copying test dataset
2021-03-27 15:21:17,170:INFO:Plot type: residuals
2021-03-27 15:21:17,272:INFO:Fitting Model
2021-03-27 15:21:17,323:INFO:Scoring test/hold-out set
2021-03-27 15:21:18,271:INFO:Visual Rendered Successfully
2021-03-27 15:21:18,374:INFO:plot_model() succesfully completed......................................
2021-03-27 15:21:59,885:INFO:Initializing save_model()
2021-03-27 15:21:59,885:INFO:save_model(model=LinearRegression(copy_X=True, fit_intercept=True, n_jobs=-1, normalize=False), model_name=deploy_model, prep_pipe_=Pipeline(memory=None,
         steps=[('dtypes',
                 DataTypes_Auto_infer(categorical_features=[],
                                      display_types=True, features_todrop=[],
                                      id_columns=[], ml_usecase='regression',
                                      numerical_features=[], target='charges',
                                      time_features=[])),
                ('imputer',
                 Simple_Imputer(categorical_strategy='not_available',
                                fill_value_categorical=None,
                                fill_value_numerical=None,
                                numeric_strategy...
                ('dummy', Dummify(target='charges')),
                ('fix_perfect', Remove_100(target='charges')),
                ('clean_names', Clean_Colum_Names()),
                ('feature_select', 'passthrough'), ('fix_multi', 'passthrough'),
                ('dfs',
                 DFS_Classic(interactions=['multiply'], ml_usecase='regression',
                             n_jobs=-1, random_state=123, subclass='binary',
                             target='charges',
                             top_features_to_pick_percentage=None)),
                ('pca', 'passthrough')],
         verbose=False), verbose=True)
2021-03-27 15:21:59,885:INFO:Adding model into prep_pipe
2021-03-27 15:21:59,941:INFO:deploy_model.pkl saved in current working directory
2021-03-27 15:21:59,965:INFO:Pipeline(memory=None,
         steps=[('dtypes',
                 DataTypes_Auto_infer(categorical_features=[],
                                      display_types=True, features_todrop=[],
                                      id_columns=[], ml_usecase='regression',
                                      numerical_features=[], target='charges',
                                      time_features=[])),
                ('imputer',
                 Simple_Imputer(categorical_strategy='not_available',
                                fill_value_categorical=None,
                                fill_value_numerical=None,
                                numeric_strategy...
                ('feature_select', 'passthrough'), ('fix_multi', 'passthrough'),
                ('dfs',
                 DFS_Classic(interactions=['multiply'], ml_usecase='regression',
                             n_jobs=-1, random_state=123, subclass='binary',
                             target='charges',
                             top_features_to_pick_percentage=None)),
                ('pca', 'passthrough'),
                ['trained_model',
                 LinearRegression(copy_X=True, fit_intercept=True, n_jobs=-1,
                                  normalize=False)]],
         verbose=False)
2021-03-27 15:21:59,966:INFO:save_model() succesfully completed......................................
2021-03-27 15:22:20,067:INFO:Initializing load_model()
2021-03-27 15:22:20,068:INFO:load_model(model_name=deploy_model, platform=None, authentication=None, verbose=True)
2021-03-27 15:22:48,504:INFO:Initializing load_model()
2021-03-27 15:22:48,504:INFO:load_model(model_name=deploy_model, platform=None, authentication=None, verbose=True)
2021-03-27 15:32:10,702:INFO:Initializing load_model()
2021-03-27 15:32:10,707:INFO:load_model(model_name=deploy_model, platform=None, authentication=None, verbose=True)
2021-03-27 15:38:15,993:INFO:Initializing load_model()
2021-03-27 15:38:15,993:INFO:load_model(model_name=deploy_model, platform=None, authentication=None, verbose=True)
2021-03-27 15:38:46,170:INFO:Initializing load_model()
2021-03-27 15:38:46,171:INFO:load_model(model_name=deploy_model, platform=None, authentication=None, verbose=True)
2021-03-27 15:38:53,212:INFO:Initializing load_model()
2021-03-27 15:38:53,213:INFO:load_model(model_name=deploy_model, platform=None, authentication=None, verbose=True)
2021-03-27 15:38:55,252:INFO:Initializing load_model()
2021-03-27 15:38:55,253:INFO:load_model(model_name=deploy_model, platform=None, authentication=None, verbose=True)
2021-03-27 15:39:01,864:INFO:Initializing load_model()
2021-03-27 15:39:01,865:INFO:load_model(model_name=deploy_model, platform=None, authentication=None, verbose=True)
2021-03-27 15:39:02,081:INFO:Initializing predict_model()
2021-03-27 15:39:02,085:INFO:predict_model(estimator=Pipeline(steps=[('dtypes',
                 DataTypes_Auto_infer(ml_usecase='regression',
                                      target='charges')),
                ('imputer',
                 Simple_Imputer(categorical_strategy='not_available',
                                fill_value_categorical=None,
                                fill_value_numerical=None,
                                numeric_strategy='mean',
                                target_variable=None)),
                ('new_levels1',
                 New_Catagorical_Levels_in_TestData(replacement_strategy='least '
                                                                         'frequent',
                                                    target=...
                ('fix_perfect', Remove_100(target='charges')),
                ('clean_names', Clean_Colum_Names()),
                ('feature_select', 'passthrough'), ('fix_multi', 'passthrough'),
                ('dfs',
                 DFS_Classic(interactions=['multiply'], ml_usecase='regression',
                             n_jobs=-1, random_state=123, subclass='binary',
                             target='charges',
                             top_features_to_pick_percentage=None)),
                ('pca', 'passthrough'),
                ['trained_model', LinearRegression(n_jobs=-1)]]), probability_threshold=None, encoded_labels=True, raw_score=False, round=4, verbose=True, ml_usecase=MLUsecase.REGRESSION, display=None)
2021-03-27 15:39:02,087:INFO:Checking exceptions
2021-03-27 15:39:02,089:INFO:Preloading libraries
2021-03-27 15:39:23,086:INFO:Initializing load_model()
2021-03-27 15:39:23,087:INFO:load_model(model_name=deploy_model, platform=None, authentication=None, verbose=True)
2021-03-27 15:39:43,964:INFO:Initializing load_model()
2021-03-27 15:39:43,965:INFO:load_model(model_name=deploy_model, platform=None, authentication=None, verbose=True)
2021-04-10 23:05:46,579:INFO:Initializing load_model()
2021-04-10 23:05:46,592:INFO:load_model(model_name=deploy_model, platform=None, authentication=None, verbose=True)
2021-04-10 23:07:11,599:INFO:Initializing load_model()
2021-04-10 23:07:11,600:INFO:load_model(model_name=deploy_model, platform=None, authentication=None, verbose=True)
2021-04-10 23:07:24,314:INFO:Initializing load_model()
2021-04-10 23:07:24,315:INFO:load_model(model_name=deploy_model, platform=None, authentication=None, verbose=True)
2021-04-10 23:39:54,335:INFO:Initializing load_model()
2021-04-10 23:39:54,337:INFO:load_model(model_name=deploy_model, platform=None, authentication=None, verbose=True)
2021-04-10 23:52:03,022:INFO:Initializing load_model()
2021-04-10 23:52:03,022:INFO:load_model(model_name=deploy_model, platform=None, authentication=None, verbose=True)
2021-04-10 23:53:48,107:INFO:Initializing load_model()
2021-04-10 23:53:48,108:INFO:load_model(model_name=deploy_model, platform=None, authentication=None, verbose=True)
2021-04-10 23:54:37,932:INFO:Initializing load_model()
2021-04-10 23:54:37,933:INFO:load_model(model_name=deploy_model, platform=None, authentication=None, verbose=True)
2021-04-10 23:54:44,281:INFO:Initializing load_model()
2021-04-10 23:54:44,281:INFO:load_model(model_name=deploy_model, platform=None, authentication=None, verbose=True)
2021-04-10 23:55:20,308:INFO:Initializing load_model()
2021-04-10 23:55:20,310:INFO:load_model(model_name=deploy_model, platform=None, authentication=None, verbose=True)
2021-04-11 00:05:49,378:INFO:Initializing load_model()
2021-04-11 00:05:49,379:INFO:load_model(model_name=deploy_model, platform=None, authentication=None, verbose=True)
2021-04-11 00:06:51,796:INFO:Initializing load_model()
2021-04-11 00:06:51,798:INFO:load_model(model_name=deploy_model, platform=None, authentication=None, verbose=True)
2021-04-11 00:09:33,272:INFO:Initializing load_model()
2021-04-11 00:09:33,274:INFO:load_model(model_name=deploy_model, platform=None, authentication=None, verbose=True)
2021-04-11 00:12:13,354:INFO:Initializing load_model()
2021-04-11 00:12:13,367:INFO:load_model(model_name=deploy_model, platform=None, authentication=None, verbose=True)
2021-04-11 00:16:12,124:INFO:Initializing load_model()
2021-04-11 00:16:12,125:INFO:load_model(model_name=deploy_model, platform=None, authentication=None, verbose=True)
2021-04-11 00:16:12,586:INFO:Initializing predict_model()
2021-04-11 00:16:12,586:INFO:predict_model(estimator=Pipeline(steps=[('dtypes',
                 DataTypes_Auto_infer(ml_usecase='regression',
                                      target='charges')),
                ('imputer',
                 Simple_Imputer(categorical_strategy='not_available',
                                fill_value_categorical=None,
                                fill_value_numerical=None,
                                numeric_strategy='mean',
                                target_variable=None)),
                ('new_levels1',
                 New_Catagorical_Levels_in_TestData(replacement_strategy='least '
                                                                         'frequent',
                                                    target=...
                ('fix_perfect', Remove_100(target='charges')),
                ('clean_names', Clean_Colum_Names()),
                ('feature_select', 'passthrough'), ('fix_multi', 'passthrough'),
                ('dfs',
                 DFS_Classic(interactions=['multiply'], ml_usecase='regression',
                             n_jobs=-1, random_state=123, subclass='binary',
                             target='charges',
                             top_features_to_pick_percentage=None)),
                ('pca', 'passthrough'),
                ['trained_model', LinearRegression(n_jobs=-1)]]), probability_threshold=None, encoded_labels=True, raw_score=False, round=4, verbose=True, ml_usecase=MLUsecase.REGRESSION, display=None)
2021-04-11 00:16:12,595:INFO:Checking exceptions
2021-04-11 00:16:12,596:INFO:Preloading libraries
2021-04-11 00:17:02,394:INFO:Initializing load_model()
2021-04-11 00:17:02,394:INFO:load_model(model_name=deploy_model, platform=None, authentication=None, verbose=True)
2021-04-11 00:17:12,573:INFO:Initializing load_model()
2021-04-11 00:17:12,573:INFO:load_model(model_name=deploy_model, platform=None, authentication=None, verbose=True)
2021-04-11 00:17:12,835:INFO:Initializing predict_model()
2021-04-11 00:17:12,838:INFO:predict_model(estimator=Pipeline(steps=[('dtypes',
                 DataTypes_Auto_infer(ml_usecase='regression',
                                      target='charges')),
                ('imputer',
                 Simple_Imputer(categorical_strategy='not_available',
                                fill_value_categorical=None,
                                fill_value_numerical=None,
                                numeric_strategy='mean',
                                target_variable=None)),
                ('new_levels1',
                 New_Catagorical_Levels_in_TestData(replacement_strategy='least '
                                                                         'frequent',
                                                    target=...
                ('fix_perfect', Remove_100(target='charges')),
                ('clean_names', Clean_Colum_Names()),
                ('feature_select', 'passthrough'), ('fix_multi', 'passthrough'),
                ('dfs',
                 DFS_Classic(interactions=['multiply'], ml_usecase='regression',
                             n_jobs=-1, random_state=123, subclass='binary',
                             target='charges',
                             top_features_to_pick_percentage=None)),
                ('pca', 'passthrough'),
                ['trained_model', LinearRegression(n_jobs=-1)]]), probability_threshold=None, encoded_labels=True, raw_score=False, round=4, verbose=True, ml_usecase=MLUsecase.REGRESSION, display=None)
2021-04-11 00:17:12,840:INFO:Checking exceptions
2021-04-11 00:17:12,840:INFO:Preloading libraries
2021-04-11 00:19:19,658:INFO:Initializing load_model()
2021-04-11 00:19:19,659:INFO:load_model(model_name=deploy_model, platform=None, authentication=None, verbose=True)
2021-04-11 00:19:19,918:INFO:Initializing predict_model()
2021-04-11 00:19:19,918:INFO:predict_model(estimator=Pipeline(steps=[('dtypes',
                 DataTypes_Auto_infer(ml_usecase='regression',
                                      target='charges')),
                ('imputer',
                 Simple_Imputer(categorical_strategy='not_available',
                                fill_value_categorical=None,
                                fill_value_numerical=None,
                                numeric_strategy='mean',
                                target_variable=None)),
                ('new_levels1',
                 New_Catagorical_Levels_in_TestData(replacement_strategy='least '
                                                                         'frequent',
                                                    target=...
                ('fix_perfect', Remove_100(target='charges')),
                ('clean_names', Clean_Colum_Names()),
                ('feature_select', 'passthrough'), ('fix_multi', 'passthrough'),
                ('dfs',
                 DFS_Classic(interactions=['multiply'], ml_usecase='regression',
                             n_jobs=-1, random_state=123, subclass='binary',
                             target='charges',
                             top_features_to_pick_percentage=None)),
                ('pca', 'passthrough'),
                ['trained_model', LinearRegression(n_jobs=-1)]]), probability_threshold=None, encoded_labels=True, raw_score=False, round=4, verbose=True, ml_usecase=MLUsecase.REGRESSION, display=None)
2021-04-11 00:19:20,290:INFO:Checking exceptions
2021-04-11 00:19:20,292:INFO:Preloading libraries
2021-04-11 00:19:23,213:INFO:Initializing load_model()
2021-04-11 00:19:23,214:INFO:load_model(model_name=deploy_model, platform=None, authentication=None, verbose=True)
2021-04-11 00:19:24,442:INFO:Initializing load_model()
2021-04-11 00:19:24,442:INFO:load_model(model_name=deploy_model, platform=None, authentication=None, verbose=True)
2021-04-11 00:19:24,693:INFO:Initializing predict_model()
2021-04-11 00:19:24,694:INFO:predict_model(estimator=Pipeline(steps=[('dtypes',
                 DataTypes_Auto_infer(ml_usecase='regression',
                                      target='charges')),
                ('imputer',
                 Simple_Imputer(categorical_strategy='not_available',
                                fill_value_categorical=None,
                                fill_value_numerical=None,
                                numeric_strategy='mean',
                                target_variable=None)),
                ('new_levels1',
                 New_Catagorical_Levels_in_TestData(replacement_strategy='least '
                                                                         'frequent',
                                                    target=...
                ('fix_perfect', Remove_100(target='charges')),
                ('clean_names', Clean_Colum_Names()),
                ('feature_select', 'passthrough'), ('fix_multi', 'passthrough'),
                ('dfs',
                 DFS_Classic(interactions=['multiply'], ml_usecase='regression',
                             n_jobs=-1, random_state=123, subclass='binary',
                             target='charges',
                             top_features_to_pick_percentage=None)),
                ('pca', 'passthrough'),
                ['trained_model', LinearRegression(n_jobs=-1)]]), probability_threshold=None, encoded_labels=True, raw_score=False, round=4, verbose=True, ml_usecase=MLUsecase.REGRESSION, display=None)
2021-04-11 00:19:24,696:INFO:Checking exceptions
2021-04-11 00:19:24,697:INFO:Preloading libraries
2021-04-11 00:19:27,839:INFO:Initializing load_model()
2021-04-11 00:19:27,841:INFO:load_model(model_name=deploy_model, platform=None, authentication=None, verbose=True)
2021-04-11 00:19:28,832:INFO:Initializing load_model()
2021-04-11 00:19:28,832:INFO:load_model(model_name=deploy_model, platform=None, authentication=None, verbose=True)
2021-04-11 00:19:29,107:INFO:Initializing predict_model()
2021-04-11 00:19:29,109:INFO:predict_model(estimator=Pipeline(steps=[('dtypes',
                 DataTypes_Auto_infer(ml_usecase='regression',
                                      target='charges')),
                ('imputer',
                 Simple_Imputer(categorical_strategy='not_available',
                                fill_value_categorical=None,
                                fill_value_numerical=None,
                                numeric_strategy='mean',
                                target_variable=None)),
                ('new_levels1',
                 New_Catagorical_Levels_in_TestData(replacement_strategy='least '
                                                                         'frequent',
                                                    target=...
                ('fix_perfect', Remove_100(target='charges')),
                ('clean_names', Clean_Colum_Names()),
                ('feature_select', 'passthrough'), ('fix_multi', 'passthrough'),
                ('dfs',
                 DFS_Classic(interactions=['multiply'], ml_usecase='regression',
                             n_jobs=-1, random_state=123, subclass='binary',
                             target='charges',
                             top_features_to_pick_percentage=None)),
                ('pca', 'passthrough'),
                ['trained_model', LinearRegression(n_jobs=-1)]]), probability_threshold=None, encoded_labels=True, raw_score=False, round=4, verbose=True, ml_usecase=MLUsecase.REGRESSION, display=None)
2021-04-11 00:19:29,115:INFO:Checking exceptions
2021-04-11 00:19:29,116:INFO:Preloading libraries
2021-04-11 00:19:38,713:INFO:Initializing load_model()
2021-04-11 00:19:38,713:INFO:load_model(model_name=deploy_model, platform=None, authentication=None, verbose=True)
2021-04-11 00:19:44,447:INFO:Initializing load_model()
2021-04-11 00:19:44,448:INFO:load_model(model_name=deploy_model, platform=None, authentication=None, verbose=True)
2021-04-11 00:19:44,710:INFO:Initializing predict_model()
2021-04-11 00:19:44,711:INFO:predict_model(estimator=Pipeline(steps=[('dtypes',
                 DataTypes_Auto_infer(ml_usecase='regression',
                                      target='charges')),
                ('imputer',
                 Simple_Imputer(categorical_strategy='not_available',
                                fill_value_categorical=None,
                                fill_value_numerical=None,
                                numeric_strategy='mean',
                                target_variable=None)),
                ('new_levels1',
                 New_Catagorical_Levels_in_TestData(replacement_strategy='least '
                                                                         'frequent',
                                                    target=...
                ('fix_perfect', Remove_100(target='charges')),
                ('clean_names', Clean_Colum_Names()),
                ('feature_select', 'passthrough'), ('fix_multi', 'passthrough'),
                ('dfs',
                 DFS_Classic(interactions=['multiply'], ml_usecase='regression',
                             n_jobs=-1, random_state=123, subclass='binary',
                             target='charges',
                             top_features_to_pick_percentage=None)),
                ('pca', 'passthrough'),
                ['trained_model', LinearRegression(n_jobs=-1)]]), probability_threshold=None, encoded_labels=True, raw_score=False, round=4, verbose=True, ml_usecase=MLUsecase.REGRESSION, display=None)
2021-04-11 00:19:44,713:INFO:Checking exceptions
2021-04-11 00:19:44,715:INFO:Preloading libraries
2021-04-11 00:19:47,174:INFO:Initializing load_model()
2021-04-11 00:19:47,174:INFO:load_model(model_name=deploy_model, platform=None, authentication=None, verbose=True)
2021-04-11 00:19:49,640:INFO:Initializing load_model()
2021-04-11 00:19:49,640:INFO:load_model(model_name=deploy_model, platform=None, authentication=None, verbose=True)
2021-04-11 00:19:49,908:INFO:Initializing predict_model()
2021-04-11 00:19:49,909:INFO:predict_model(estimator=Pipeline(steps=[('dtypes',
                 DataTypes_Auto_infer(ml_usecase='regression',
                                      target='charges')),
                ('imputer',
                 Simple_Imputer(categorical_strategy='not_available',
                                fill_value_categorical=None,
                                fill_value_numerical=None,
                                numeric_strategy='mean',
                                target_variable=None)),
                ('new_levels1',
                 New_Catagorical_Levels_in_TestData(replacement_strategy='least '
                                                                         'frequent',
                                                    target=...
                ('fix_perfect', Remove_100(target='charges')),
                ('clean_names', Clean_Colum_Names()),
                ('feature_select', 'passthrough'), ('fix_multi', 'passthrough'),
                ('dfs',
                 DFS_Classic(interactions=['multiply'], ml_usecase='regression',
                             n_jobs=-1, random_state=123, subclass='binary',
                             target='charges',
                             top_features_to_pick_percentage=None)),
                ('pca', 'passthrough'),
                ['trained_model', LinearRegression(n_jobs=-1)]]), probability_threshold=None, encoded_labels=True, raw_score=False, round=4, verbose=True, ml_usecase=MLUsecase.REGRESSION, display=None)
2021-04-11 00:19:49,910:INFO:Checking exceptions
2021-04-11 00:19:49,910:INFO:Preloading libraries
2021-04-11 00:36:48,552:INFO:Initializing load_model()
2021-04-11 00:36:48,554:INFO:load_model(model_name=deploy_model, platform=None, authentication=None, verbose=True)
